
=== Sat Nov  9 13:16:39 2019

Packages were changed.
Update Mode: mergeDefaultDependencies

The following packages were updated:
  com.unity.analytics from version 3.2.2 to 3.3.2
  com.unity.collab-proxy from version 1.2.9 to 1.2.16
  com.unity.package-manager-ui from version 2.1.1 to 2.1.2
  com.unity.purchasing from version 2.0.1 to 2.0.6
  com.unity.textmeshpro from version 1.3.0 to 2.0.1
  com.unity.timeline from version 0.0.0-builtin to 1.0.0

=== Tue Nov 19 12:58:36 2019

Packages were changed.
Update Mode: resetToDefaultDependencies

The following packages were updated:
  com.unity.analytics from version 3.3.2 to 3.2.2
  com.unity.purchasing from version 2.0.6 to 2.0.3
  com.unity.textmeshpro from version 2.0.1 to 1.3.0
  com.unity.package-manager-ui from version 2.1.2 to 2.0.3
  com.unity.collab-proxy from version 1.2.16 to 1.2.15
The following packages were removed:
  com.unity.timeline@1.0.0

=== Mon Mar 30 10:46:40 2020

Packages were changed.
Update Mode: updateDependencies

The following packages were updated:
  com.unity.package-manager-ui from version 2.0.3 to 2.0.7
  com.unity.textmeshpro from version 1.3.0 to 1.4.1

=== Tue Jun 16 01:56:50 2020

Packages were changed.
Update Mode: updateDependencies

The following packages were added:
  com.unity.timeline@1.0.0
  com.unity.multiplayer-hlapi@1.0.2
  com.unity.xr.legacyinputhelpers@2.0.2
The following packages were updated:
  com.unity.analytics from version 3.2.2 to 3.3.2
  com.unity.collab-proxy from version 1.2.15 to 1.2.16
  com.unity.package-manager-ui from version 2.0.7 to 2.1.2
  com.unity.purchasing from version 2.0.3 to 2.0.6
  com.unity.textmeshpro from version 1.4.1 to 2.0.1

=== Tue Jun 16 19:45:34 2020

Packages were changed.
Update Mode: resetToDefaultDependencies

The following packages were updated:
  com.unity.analytics from version 3.3.2 to 3.2.2
  com.unity.purchasing from version 2.0.6 to 2.0.3
  com.unity.textmeshpro from version 2.0.1 to 1.4.1
  com.unity.package-manager-ui from version 2.1.2 to 2.0.7
  com.unity.collab-proxy from version 1.2.16 to 1.2.15
The following packages were removed:
  com.unity.cinemachine@2.5.0
  com.unity.multiplayer-hlapi@1.0.2
  com.unity.timeline@1.0.0
  com.unity.xr.legacyinputhelpers@2.0.2

=== Tue Jun 16 19:47:48 2020

Packages were changed.
Update Mode: updateDependencies

The following packages were added:
  com.unity.timeline@1.0.0
  com.unity.multiplayer-hlapi@1.0.2
  com.unity.xr.legacyinputhelpers@2.0.2
The following packages were updated:
  com.unity.analytics from version 3.2.2 to 3.3.2
  com.unity.collab-proxy from version 1.2.15 to 1.2.16
  com.unity.package-manager-ui from version 2.0.7 to 2.1.2
  com.unity.purchasing from version 2.0.3 to 2.0.6
  com.unity.textmeshpro from version 1.4.1 to 2.0.1
